<?xml version="1.0" encoding="UTF-8"?>
<!-- Generated by org.testng.reporters.JUnitXMLReporter -->
<testsuite ignored="4" hostname="Karishma-Barot-TH" failures="0" tests="11" name="Non BLE Flows" time="418.528" errors="0" timestamp="2024-03-20T16:12:26 IST">
  <testcase classname="testCases.LoginTCs" name="testIntroScreen" time="2.918"/>
  <testcase classname="testCases.LoginTCs" name="testLogin" time="24.071"/>
  <testcase classname="testCases.TheragunMiniTCs" name="testSelectDevice" time="27.743"/>
  <testcase classname="testCases.TheragunMiniTCs" name="testVerifyPairedDevice" time="24.966"/>
  <testcase classname="testCases.TheragunMiniTCs" name="testSaveRoutine" time="26.158"/>
  <testcase classname="testCases.TheragunMiniTCs" name="testForgetDevice" time="43.391"/>
  <testcase classname="testCases.WaveSeriesOtherRollerTCs" name="testPairOtherRollerDevice" time="34.934"/>
  <testcase classname="testCases.WaveSeriesOtherRollerTCs" name="testSelectRoutine" time="7.874"/>
  <testcase classname="testCases.WaveSeriesOtherRollerTCs" name="testStretchingStep" time="68.966"/>
  <testcase classname="testCases.WaveSeriesOtherRollerTCs" name="testBreakToggle" time="82.538"/>
  <testcase classname="testCases.WaveSeriesOtherRollerTCs" name="testForgetDevice" time="29.759"/>
  <testcase classname="base.Setup" name="@AfterTest tearDown" time="0.0">
    <ignored/>
  </testcase> <!-- @AfterTest tearDown -->
  <testcase classname="base.Setup" name="@BeforeTest startAppiumServer" time="0.0">
    <ignored/>
  </testcase> <!-- @BeforeTest startAppiumServer -->
  <testcase classname="base.Setup" name="@BeforeTest startAppiumServer" time="0.0">
    <ignored/>
  </testcase> <!-- @BeforeTest startAppiumServer -->
  <testcase classname="base.Setup" name="@AfterTest tearDown" time="0.0">
    <ignored/>
  </testcase> <!-- @AfterTest tearDown -->
</testsuite> <!-- Non BLE Flows -->
