<?xml version="1.0" encoding="UTF-8"?>
<!-- Generated by org.testng.reporters.JUnitXMLReporter -->
<testsuite ignored="4" hostname="Karishma-Barot-TH" failures="0" tests="11" name="Non BLE Flows - Android test suite" time="50.504" errors="0" timestamp="2024-03-20T11:15:31 IST">
  <testcase classname="testCases.LoginTCs" name="testIntroScreen" time="0.0">
    <skipped/>
  </testcase> <!-- testIntroScreen -->
  <testcase classname="testCases.TheragunMiniTCs" name="testSelectDevice" time="0.0">
    <skipped/>
  </testcase> <!-- testSelectDevice -->
  <testcase classname="testCases.WaveSeriesOtherRollerTCs" name="testPairOtherRollerDevice" time="0.0">
    <skipped/>
  </testcase> <!-- testPairOtherRollerDevice -->
  <testcase classname="testCases.LoginTCs" name="testLogin" time="0.0">
    <skipped/>
  </testcase> <!-- testLogin -->
  <testcase classname="testCases.TheragunMiniTCs" name="testVerifyPairedDevice" time="0.0">
    <skipped/>
  </testcase> <!-- testVerifyPairedDevice -->
  <testcase classname="testCases.WaveSeriesOtherRollerTCs" name="testSelectRoutine" time="0.0">
    <skipped/>
  </testcase> <!-- testSelectRoutine -->
  <testcase classname="testCases.WaveSeriesOtherRollerTCs" name="testStretchingStep" time="0.001">
    <skipped/>
  </testcase> <!-- testStretchingStep -->
  <testcase classname="testCases.TheragunMiniTCs" name="testSaveRoutine" time="0.0">
    <skipped/>
  </testcase> <!-- testSaveRoutine -->
  <testcase classname="testCases.WaveSeriesOtherRollerTCs" name="testBreakToggle" time="0.0">
    <skipped/>
  </testcase> <!-- testBreakToggle -->
  <testcase classname="testCases.TheragunMiniTCs" name="testForgetDevice" time="0.0">
    <skipped/>
  </testcase> <!-- testForgetDevice -->
  <testcase classname="testCases.WaveSeriesOtherRollerTCs" name="testForgetDevice" time="0.0">
    <skipped/>
  </testcase> <!-- testForgetDevice -->
  <testcase classname="base.Setup" name="@AfterTest tearDown" time="0.0">
    <ignored/>
  </testcase> <!-- @AfterTest tearDown -->
  <testcase classname="base.Setup" name="@AfterTest tearDown" time="0.0">
    <ignored/>
  </testcase> <!-- @AfterTest tearDown -->
  <testcase classname="base.Setup" name="@BeforeTest startAppiumServer" time="0.0">
    <ignored/>
  </testcase> <!-- @BeforeTest startAppiumServer -->
  <testcase classname="base.Setup" name="@BeforeTest startAppiumServer" time="0.0">
    <ignored/>
  </testcase> <!-- @BeforeTest startAppiumServer -->
</testsuite> <!-- Non BLE Flows - Android test suite -->
